[0.103s] DEBUG:colcon:Command line arguments: ['/usr/bin/colcon', 'list', '-p', '--base-paths', '/home/zarquon/freelance_ws/src']
[0.103s] DEBUG:colcon:Parsed command line arguments: Namespace(log_base=None, log_level=None, verb_name='list', build_base='build', ignore_user_meta=False, metas=['./colcon.meta'], base_paths=['/home/zarquon/freelance_ws/src'], packages_ignore=None, packages_ignore_regex=None, paths=None, packages_up_to=None, packages_up_to_regex=None, packages_above=None, packages_above_and_dependencies=None, packages_above_depth=None, packages_select_by_dep=None, packages_skip_by_dep=None, packages_skip_up_to=None, packages_select_build_failed=False, packages_skip_build_finished=False, packages_select_test_failures=False, packages_skip_test_passed=False, packages_select=None, packages_skip=None, packages_select_regex=None, packages_skip_regex=None, packages_start=None, packages_end=None, allow_overriding=[], topological_order=False, names_only=False, paths_only=True, topological_graph=False, topological_graph_dot=False, topological_graph_density=False, topological_graph_legend=False, topological_graph_dot_cluster=False, topological_graph_dot_include_skipped=False, mixin_files=None, mixin=None, verb_parser=<colcon_mixin.mixin.mixin_argument.MixinArgumentDecorator object at 0x788877377670>, verb_extension=<colcon_package_information.verb.list.ListVerb object at 0x788877376740>, main=<bound method ListVerb.main of <colcon_package_information.verb.list.ListVerb object at 0x788877376740>>, mixin_verb=('list',))
[0.299s] Level 1:colcon.colcon_core.package_discovery:discover_packages(colcon_meta) check parameters
[0.299s] Level 1:colcon.colcon_core.package_discovery:discover_packages(recursive) check parameters
[0.299s] Level 1:colcon.colcon_core.package_discovery:discover_packages(ignore) check parameters
[0.299s] Level 1:colcon.colcon_core.package_discovery:discover_packages(path) check parameters
[0.300s] Level 1:colcon.colcon_core.package_discovery:discover_packages(recursive) discover
[0.300s] INFO:colcon.colcon_core.package_discovery:Crawling recursively for packages in '/home/zarquon/freelance_ws/src'
[0.300s] Level 1:colcon.colcon_core.package_identification:_identify(/home/zarquon/freelance_ws/src) by extensions ['ignore', 'ignore_ament_install']
[0.300s] Level 1:colcon.colcon_core.package_identification:_identify(/home/zarquon/freelance_ws/src) by extension 'ignore'
[0.300s] Level 1:colcon.colcon_core.package_identification:_identify(/home/zarquon/freelance_ws/src) by extension 'ignore_ament_install'
[0.300s] Level 1:colcon.colcon_core.package_identification:_identify(/home/zarquon/freelance_ws/src) by extensions ['colcon_pkg']
[0.300s] Level 1:colcon.colcon_core.package_identification:_identify(/home/zarquon/freelance_ws/src) by extension 'colcon_pkg'
[0.300s] Level 1:colcon.colcon_core.package_identification:_identify(/home/zarquon/freelance_ws/src) by extensions ['colcon_meta']
[0.300s] Level 1:colcon.colcon_core.package_identification:_identify(/home/zarquon/freelance_ws/src) by extension 'colcon_meta'
[0.300s] Level 1:colcon.colcon_core.package_identification:_identify(/home/zarquon/freelance_ws/src) by extensions ['ros']
[0.300s] Level 1:colcon.colcon_core.package_identification:_identify(/home/zarquon/freelance_ws/src) by extension 'ros'
[0.330s] Level 1:colcon.colcon_core.package_identification:_identify(/home/zarquon/freelance_ws/src) by extensions ['cmake', 'python']
[0.330s] Level 1:colcon.colcon_core.package_identification:_identify(/home/zarquon/freelance_ws/src) by extension 'cmake'
[0.330s] Level 1:colcon.colcon_core.package_identification:_identify(/home/zarquon/freelance_ws/src) by extension 'python'
[0.330s] Level 1:colcon.colcon_core.package_identification:_identify(/home/zarquon/freelance_ws/src) by extensions ['python_setup_py']
[0.330s] Level 1:colcon.colcon_core.package_identification:_identify(/home/zarquon/freelance_ws/src) by extension 'python_setup_py'
[0.330s] Level 1:colcon.colcon_core.package_identification:_identify(/home/zarquon/freelance_ws/src/autonomous_turret) by extensions ['ignore', 'ignore_ament_install']
[0.330s] Level 1:colcon.colcon_core.package_identification:_identify(/home/zarquon/freelance_ws/src/autonomous_turret) by extension 'ignore'
[0.330s] Level 1:colcon.colcon_core.package_identification:_identify(/home/zarquon/freelance_ws/src/autonomous_turret) by extension 'ignore_ament_install'
[0.330s] Level 1:colcon.colcon_core.package_identification:_identify(/home/zarquon/freelance_ws/src/autonomous_turret) by extensions ['colcon_pkg']
[0.330s] Level 1:colcon.colcon_core.package_identification:_identify(/home/zarquon/freelance_ws/src/autonomous_turret) by extension 'colcon_pkg'
[0.331s] Level 1:colcon.colcon_core.package_identification:_identify(/home/zarquon/freelance_ws/src/autonomous_turret) by extensions ['colcon_meta']
[0.331s] Level 1:colcon.colcon_core.package_identification:_identify(/home/zarquon/freelance_ws/src/autonomous_turret) by extension 'colcon_meta'
[0.331s] Level 1:colcon.colcon_core.package_identification:_identify(/home/zarquon/freelance_ws/src/autonomous_turret) by extensions ['ros']
[0.331s] Level 1:colcon.colcon_core.package_identification:_identify(/home/zarquon/freelance_ws/src/autonomous_turret) by extension 'ros'
[0.333s] DEBUG:colcon.colcon_core.package_identification:Package '/home/zarquon/freelance_ws/src/autonomous_turret' with type 'ros.ament_python' and name 'autonomous_turret'
[0.333s] Level 1:colcon.colcon_core.package_identification:_identify(/home/zarquon/freelance_ws/src/log) by extensions ['ignore', 'ignore_ament_install']
[0.333s] Level 1:colcon.colcon_core.package_identification:_identify(/home/zarquon/freelance_ws/src/log) by extension 'ignore'
[0.333s] Level 1:colcon.colcon_core.package_identification:_identify(/home/zarquon/freelance_ws/src/log) ignored
[0.333s] Level 1:colcon.colcon_core.package_discovery:discover_packages(recursive) using defaults
